app/build/intermediates/manifest_merge_blame_file/release/processReleaseMainManifest/manifest-merger-blame-release-report.txt
1<?xml version="1.0" encoding="utf-8"?>
2<!--
3    Copyright 2019 Google Inc. All Rights Reserved.
4
5     Licensed under the Apache License, Version 2.0 (the "License");
6     you may not use this file except in compliance with the License.
7     You may obtain a copy of the License at
8
9         http://www.apache.org/licenses/LICENSE-2.0
10
11     Unless required by applicable law or agreed to in writing, software
12     distributed under the License is distributed on an "AS IS" BASIS,
13     WITHOUT WARRANTIES OR CONDITIONS OF ANY KIND, either express or implied.
14     See the License for the specific language governing permissions and
15     limitations under the License.
16-->
17<!--
18 The "package" attribute is rewritten by the Gradle build with the value of applicationId.
19     It is still required here, as it is used to derive paths, for instance when referring
20     to an Activity by ".MyActivity" instead of the full name. If more Activities are added to the
21     application, the package attribute will need to reflect the correct path in order to use
22     the abbreviated format.
23-->
24<manifest xmlns:android="http://schemas.android.com/apk/res/android"
25    package="app.vercel.elohwine_ldk_group_e_permit_kiosk.twa"
26    android:versionCode="1"
27    android:versionName="1" >
28
29    <uses-sdk
30        android:minSdkVersion="21"
31        android:targetSdkVersion="35" />
32
33    <uses-permission android:name="android.permission.POST_NOTIFICATIONS" />
33-->src/main/AndroidManifest.xml:26:9-80
33-->src/main/AndroidManifest.xml:26:26-78
34
35    <queries>
35-->[com.google.androidbrowserhelper:androidbrowserhelper:2.6.2] AndroidManifest.xml:22:5-30:15
36        <intent>
36-->[com.google.androidbrowserhelper:androidbrowserhelper:2.6.2] AndroidManifest.xml:23:9-29:18
37            <action android:name="android.intent.action.VIEW" />
37-->src/main/AndroidManifest.xml:146:17-68
37-->src/main/AndroidManifest.xml:146:25-66
38
39            <category android:name="android.intent.category.BROWSABLE" />
39-->src/main/AndroidManifest.xml:148:17-77
39-->src/main/AndroidManifest.xml:148:27-75
40
41            <data android:scheme="https" />
41-->src/main/AndroidManifest.xml:149:17-152:19
41-->src/main/AndroidManifest.xml:149:23-45
42        </intent>
43    </queries>
44
45    <permission
45-->[androidx.core:core:1.13.0] AndroidManifest.xml:22:5-24:47
46        android:name="app.vercel.elohwine_ldk_group_e_permit_kiosk.twa.DYNAMIC_RECEIVER_NOT_EXPORTED_PERMISSION"
46-->[androidx.core:core:1.13.0] AndroidManifest.xml:23:9-81
47        android:protectionLevel="signature" />
47-->[androidx.core:core:1.13.0] AndroidManifest.xml:24:9-44
48
49    <uses-permission android:name="app.vercel.elohwine_ldk_group_e_permit_kiosk.twa.DYNAMIC_RECEIVER_NOT_EXPORTED_PERMISSION" />
49-->[androidx.core:core:1.13.0] AndroidManifest.xml:26:5-97
49-->[androidx.core:core:1.13.0] AndroidManifest.xml:26:22-94
50
51    <application
51-->src/main/AndroidManifest.xml:35:5-204:19
52        android:name="app.vercel.elohwine_ldk_group_e_permit_kiosk.twa.Application"
52-->src/main/AndroidManifest.xml:36:9-35
53        android:allowBackup="true"
53-->src/main/AndroidManifest.xml:37:9-35
54        android:appComponentFactory="androidx.core.app.CoreComponentFactory"
54-->[androidx.core:core:1.13.0] AndroidManifest.xml:28:18-86
55        android:extractNativeLibs="true"
56        android:icon="@mipmap/ic_launcher"
56-->src/main/AndroidManifest.xml:38:9-43
57        android:label="@string/appName"
57-->src/main/AndroidManifest.xml:39:9-40
58        android:manageSpaceActivity="com.google.androidbrowserhelper.trusted.ManageDataLauncherActivity"
58-->src/main/AndroidManifest.xml:41:9-105
59        android:supportsRtl="true"
59-->src/main/AndroidManifest.xml:43:9-35
60        android:theme="@android:style/Theme.Translucent.NoTitleBar" >
60-->src/main/AndroidManifest.xml:44:9-68
61        <meta-data
61-->src/main/AndroidManifest.xml:46:9-48:58
62            android:name="asset_statements"
62-->src/main/AndroidManifest.xml:47:13-44
63            android:resource="@string/assetStatements" />
63-->src/main/AndroidManifest.xml:48:13-55
64        <meta-data
64-->src/main/AndroidManifest.xml:51:13-53:58
65            android:name="web_manifest_url"
65-->src/main/AndroidManifest.xml:52:17-48
66            android:value="@string/webManifestUrl" />
66-->src/main/AndroidManifest.xml:53:17-55
67        <meta-data
67-->src/main/AndroidManifest.xml:56:9-58:52
68            android:name="twa_generator"
68-->src/main/AndroidManifest.xml:57:13-41
69            android:value="@string/generatorApp" />
69-->src/main/AndroidManifest.xml:58:13-49
70
71        <activity android:name="com.google.androidbrowserhelper.trusted.ManageDataLauncherActivity" >
71-->src/main/AndroidManifest.xml:65:13-69:24
71-->src/main/AndroidManifest.xml:65:23-104
72            <meta-data
72-->src/main/AndroidManifest.xml:66:13-68:53
73                android:name="android.support.customtabs.trusted.MANAGE_SPACE_URL"
73-->src/main/AndroidManifest.xml:67:17-83
74                android:value="@string/launchUrl" />
74-->src/main/AndroidManifest.xml:68:17-50
75        </activity>
76        <activity
76-->src/main/AndroidManifest.xml:72:9-165:20
77            android:name="app.vercel.elohwine_ldk_group_e_permit_kiosk.twa.LauncherActivity"
77-->src/main/AndroidManifest.xml:72:19-50
78            android:alwaysRetainTaskState="true"
78-->src/main/AndroidManifest.xml:73:13-49
79            android:exported="true"
79-->src/main/AndroidManifest.xml:75:13-36
80            android:label="@string/launcherName" >
80-->src/main/AndroidManifest.xml:74:13-49
81            <meta-data
81-->src/main/AndroidManifest.xml:76:13-77:53
82                android:name="android.support.customtabs.trusted.DEFAULT_URL"
82-->src/main/AndroidManifest.xml:76:24-85
83                android:value="@string/launchUrl" />
83-->src/main/AndroidManifest.xml:77:17-50
84            <meta-data
84-->src/main/AndroidManifest.xml:79:13-81:58
85                android:name="android.support.customtabs.trusted.STATUS_BAR_COLOR"
85-->src/main/AndroidManifest.xml:80:17-83
86                android:resource="@color/colorPrimary" />
86-->src/main/AndroidManifest.xml:81:17-55
87            <meta-data
87-->src/main/AndroidManifest.xml:84:17-86:71
88                android:name="android.support.customtabs.trusted.LAUNCH_HANDLER_CLIENT_MODE"
88-->src/main/AndroidManifest.xml:85:21-97
89                android:value="@string/launchHandlerClientMode" />
89-->src/main/AndroidManifest.xml:86:21-68
90            <meta-data
90-->src/main/AndroidManifest.xml:89:13-91:62
91                android:name="android.support.customtabs.trusted.STATUS_BAR_COLOR_DARK"
91-->src/main/AndroidManifest.xml:90:17-88
92                android:resource="@color/colorPrimaryDark" />
92-->src/main/AndroidManifest.xml:91:17-59
93            <meta-data
93-->src/main/AndroidManifest.xml:93:13-95:61
94                android:name="android.support.customtabs.trusted.NAVIGATION_BAR_COLOR"
94-->src/main/AndroidManifest.xml:94:17-87
95                android:resource="@color/navigationColor" />
95-->src/main/AndroidManifest.xml:95:17-58
96            <meta-data
96-->src/main/AndroidManifest.xml:97:13-99:65
97                android:name="android.support.customtabs.trusted.NAVIGATION_BAR_COLOR_DARK"
97-->src/main/AndroidManifest.xml:98:17-92
98                android:resource="@color/navigationColorDark" />
98-->src/main/AndroidManifest.xml:99:17-62
99            <meta-data
99-->src/main/AndroidManifest.xml:101:13-103:68
100                android:name="androix.browser.trusted.NAVIGATION_BAR_DIVIDER_COLOR"
100-->src/main/AndroidManifest.xml:102:17-84
101                android:resource="@color/navigationDividerColor" />
101-->src/main/AndroidManifest.xml:103:17-65
102            <meta-data
102-->src/main/AndroidManifest.xml:105:13-107:72
103                android:name="androix.browser.trusted.NAVIGATION_BAR_DIVIDER_COLOR_DARK"
103-->src/main/AndroidManifest.xml:106:17-89
104                android:resource="@color/navigationDividerColorDark" />
104-->src/main/AndroidManifest.xml:107:17-69
105            <meta-data
105-->src/main/AndroidManifest.xml:109:13-110:54
106                android:name="android.support.customtabs.trusted.SPLASH_IMAGE_DRAWABLE"
106-->src/main/AndroidManifest.xml:109:24-95
107                android:resource="@drawable/splash" />
107-->src/main/AndroidManifest.xml:110:17-52
108            <meta-data
108-->src/main/AndroidManifest.xml:112:13-113:60
109                android:name="android.support.customtabs.trusted.SPLASH_SCREEN_BACKGROUND_COLOR"
109-->src/main/AndroidManifest.xml:112:24-104
110                android:resource="@color/backgroundColor" />
110-->src/main/AndroidManifest.xml:113:17-58
111            <meta-data
111-->src/main/AndroidManifest.xml:115:13-116:71
112                android:name="android.support.customtabs.trusted.SPLASH_SCREEN_FADE_OUT_DURATION"
112-->src/main/AndroidManifest.xml:115:24-105
113                android:value="@integer/splashScreenFadeOutDuration" />
113-->src/main/AndroidManifest.xml:116:17-69
114            <meta-data
114-->src/main/AndroidManifest.xml:118:13-119:60
115                android:name="android.support.customtabs.trusted.FILE_PROVIDER_AUTHORITY"
115-->src/main/AndroidManifest.xml:118:24-97
116                android:value="@string/providerAuthority" />
116-->src/main/AndroidManifest.xml:119:17-58
117            <meta-data
117-->src/main/AndroidManifest.xml:121:13-97
118                android:name="android.app.shortcuts"
118-->src/main/AndroidManifest.xml:121:24-60
119                android:resource="@xml/shortcuts" />
119-->src/main/AndroidManifest.xml:121:61-94
120            <meta-data
120-->src/main/AndroidManifest.xml:123:13-124:56
121                android:name="android.support.customtabs.trusted.FALLBACK_STRATEGY"
121-->src/main/AndroidManifest.xml:123:24-91
122                android:value="@string/fallbackType" />
122-->src/main/AndroidManifest.xml:124:17-53
123            <meta-data
123-->src/main/AndroidManifest.xml:129:13-130:52
124                android:name="android.support.customtabs.trusted.DISPLAY_MODE"
124-->src/main/AndroidManifest.xml:129:24-86
125                android:value="sticky-immersive" />
125-->src/main/AndroidManifest.xml:130:17-49
126            <meta-data
126-->src/main/AndroidManifest.xml:133:13-134:54
127                android:name="android.support.customtabs.trusted.SCREEN_ORIENTATION"
127-->src/main/AndroidManifest.xml:133:24-92
128                android:value="@string/orientation" />
128-->src/main/AndroidManifest.xml:134:17-52
129
130            <intent-filter>
130-->src/main/AndroidManifest.xml:140:13-143:29
131                <action android:name="android.intent.action.MAIN" />
131-->src/main/AndroidManifest.xml:141:17-69
131-->src/main/AndroidManifest.xml:141:25-66
132
133                <category android:name="android.intent.category.LAUNCHER" />
133-->src/main/AndroidManifest.xml:142:17-77
133-->src/main/AndroidManifest.xml:142:27-74
134            </intent-filter>
135            <intent-filter android:autoVerify="true" >
135-->src/main/AndroidManifest.xml:145:13-153:29
135-->src/main/AndroidManifest.xml:145:28-53
136                <action android:name="android.intent.action.VIEW" />
136-->src/main/AndroidManifest.xml:146:17-68
136-->src/main/AndroidManifest.xml:146:25-66
137
138                <category android:name="android.intent.category.DEFAULT" />
138-->src/main/AndroidManifest.xml:147:17-76
138-->src/main/AndroidManifest.xml:147:27-73
139                <category android:name="android.intent.category.BROWSABLE" />
139-->src/main/AndroidManifest.xml:148:17-77
139-->src/main/AndroidManifest.xml:148:27-75
140
141                <data
141-->src/main/AndroidManifest.xml:149:17-152:19
142                    android:host="@string/hostName"
142-->src/main/AndroidManifest.xml:150:21-52
143                    android:scheme="https" />
143-->src/main/AndroidManifest.xml:149:23-45
144            </intent-filter>
145            <intent-filter>
145-->src/main/AndroidManifest.xml:158:17-163:27
146                <action android:name="android.intent.action.VIEW" />
146-->src/main/AndroidManifest.xml:146:17-68
146-->src/main/AndroidManifest.xml:146:25-66
147
148                <category android:name="android.intent.category.DEFAULT" />
148-->src/main/AndroidManifest.xml:147:17-76
148-->src/main/AndroidManifest.xml:147:27-73
149                <category android:name="android.intent.category.BROWSABLE" />
149-->src/main/AndroidManifest.xml:148:17-77
149-->src/main/AndroidManifest.xml:148:27-75
150
151                <data android:scheme="web+epermit" />
151-->src/main/AndroidManifest.xml:149:17-152:19
151-->src/main/AndroidManifest.xml:149:23-45
152            </intent-filter>
153        </activity>
154        <activity android:name="com.google.androidbrowserhelper.trusted.FocusActivity" />
154-->src/main/AndroidManifest.xml:167:9-90
154-->src/main/AndroidManifest.xml:167:19-87
155        <activity
155-->src/main/AndroidManifest.xml:169:9-170:62
156            android:name="com.google.androidbrowserhelper.trusted.WebViewFallbackActivity"
156-->src/main/AndroidManifest.xml:169:19-97
157            android:configChanges="orientation|screenSize" />
157-->src/main/AndroidManifest.xml:170:13-59
158
159        <provider
159-->src/main/AndroidManifest.xml:172:9-180:20
160            android:name="androidx.core.content.FileProvider"
160-->src/main/AndroidManifest.xml:173:13-62
161            android:authorities="@string/providerAuthority"
161-->src/main/AndroidManifest.xml:174:13-60
162            android:exported="false"
162-->src/main/AndroidManifest.xml:176:13-37
163            android:grantUriPermissions="true" >
163-->src/main/AndroidManifest.xml:175:13-47
164            <meta-data
164-->src/main/AndroidManifest.xml:177:13-179:53
165                android:name="android.support.FILE_PROVIDER_PATHS"
165-->src/main/AndroidManifest.xml:178:17-67
166                android:resource="@xml/filepaths" />
166-->src/main/AndroidManifest.xml:179:17-50
167        </provider>
168
169        <service
169-->src/main/AndroidManifest.xml:182:9-197:19
170            android:name="app.vercel.elohwine_ldk_group_e_permit_kiosk.twa.DelegationService"
170-->src/main/AndroidManifest.xml:183:13-46
171            android:enabled="@bool/enableNotification"
171-->src/main/AndroidManifest.xml:184:13-55
172            android:exported="@bool/enableNotification" >
172-->src/main/AndroidManifest.xml:185:13-56
173            <meta-data
173-->src/main/AndroidManifest.xml:188:17-190:73
174                android:name="android.support.customtabs.trusted.SMALL_ICON"
174-->src/main/AndroidManifest.xml:189:21-81
175                android:resource="@drawable/ic_notification_icon" />
175-->src/main/AndroidManifest.xml:190:21-70
176
177            <intent-filter>
177-->src/main/AndroidManifest.xml:193:13-196:29
178                <action android:name="android.support.customtabs.trusted.TRUSTED_WEB_ACTIVITY_SERVICE" />
178-->src/main/AndroidManifest.xml:194:17-105
178-->src/main/AndroidManifest.xml:194:25-103
179
180                <category android:name="android.intent.category.DEFAULT" />
180-->src/main/AndroidManifest.xml:147:17-76
180-->src/main/AndroidManifest.xml:147:27-73
181            </intent-filter>
182        </service>
183
184        <activity android:name="com.google.androidbrowserhelper.trusted.NotificationPermissionRequestActivity" />
184-->src/main/AndroidManifest.xml:200:13-118
184-->src/main/AndroidManifest.xml:200:23-115
185
186        <provider
186-->[androidx.emoji2:emoji2:1.3.0] AndroidManifest.xml:24:9-32:20
187            android:name="androidx.startup.InitializationProvider"
187-->[androidx.emoji2:emoji2:1.3.0] AndroidManifest.xml:25:13-67
188            android:authorities="app.vercel.elohwine_ldk_group_e_permit_kiosk.twa.androidx-startup"
188-->[androidx.emoji2:emoji2:1.3.0] AndroidManifest.xml:26:13-68
189            android:exported="false" >
189-->[androidx.emoji2:emoji2:1.3.0] AndroidManifest.xml:27:13-37
190            <meta-data
190-->[androidx.emoji2:emoji2:1.3.0] AndroidManifest.xml:29:13-31:52
191                android:name="androidx.emoji2.text.EmojiCompatInitializer"
191-->[androidx.emoji2:emoji2:1.3.0] AndroidManifest.xml:30:17-75
192                android:value="androidx.startup" />
192-->[androidx.emoji2:emoji2:1.3.0] AndroidManifest.xml:31:17-49
193            <meta-data
193-->[androidx.lifecycle:lifecycle-process:2.6.2] AndroidManifest.xml:29:13-31:52
194                android:name="androidx.lifecycle.ProcessLifecycleInitializer"
194-->[androidx.lifecycle:lifecycle-process:2.6.2] AndroidManifest.xml:30:17-78
195                android:value="androidx.startup" />
195-->[androidx.lifecycle:lifecycle-process:2.6.2] AndroidManifest.xml:31:17-49
196            <meta-data
196-->[androidx.profileinstaller:profileinstaller:1.3.1] AndroidManifest.xml:29:13-31:52
197                android:name="androidx.profileinstaller.ProfileInstallerInitializer"
197-->[androidx.profileinstaller:profileinstaller:1.3.1] AndroidManifest.xml:30:17-85
198                android:value="androidx.startup" />
198-->[androidx.profileinstaller:profileinstaller:1.3.1] AndroidManifest.xml:31:17-49
199        </provider>
200
201        <receiver
201-->[androidx.profileinstaller:profileinstaller:1.3.1] AndroidManifest.xml:34:9-52:20
202            android:name="androidx.profileinstaller.ProfileInstallReceiver"
202-->[androidx.profileinstaller:profileinstaller:1.3.1] AndroidManifest.xml:35:13-76
203            android:directBootAware="false"
203-->[androidx.profileinstaller:profileinstaller:1.3.1] AndroidManifest.xml:36:13-44
204            android:enabled="true"
204-->[androidx.profileinstaller:profileinstaller:1.3.1] AndroidManifest.xml:37:13-35
205            android:exported="true"
205-->[androidx.profileinstaller:profileinstaller:1.3.1] AndroidManifest.xml:38:13-36
206            android:permission="android.permission.DUMP" >
206-->[androidx.profileinstaller:profileinstaller:1.3.1] AndroidManifest.xml:39:13-57
207            <intent-filter>
207-->[androidx.profileinstaller:profileinstaller:1.3.1] AndroidManifest.xml:40:13-42:29
208                <action android:name="androidx.profileinstaller.action.INSTALL_PROFILE" />
208-->[androidx.profileinstaller:profileinstaller:1.3.1] AndroidManifest.xml:41:17-91
208-->[androidx.profileinstaller:profileinstaller:1.3.1] AndroidManifest.xml:41:25-88
209            </intent-filter>
210            <intent-filter>
210-->[androidx.profileinstaller:profileinstaller:1.3.1] AndroidManifest.xml:43:13-45:29
211                <action android:name="androidx.profileinstaller.action.SKIP_FILE" />
211-->[androidx.profileinstaller:profileinstaller:1.3.1] AndroidManifest.xml:44:17-85
211-->[androidx.profileinstaller:profileinstaller:1.3.1] AndroidManifest.xml:44:25-82
212            </intent-filter>
213            <intent-filter>
213-->[androidx.profileinstaller:profileinstaller:1.3.1] AndroidManifest.xml:46:13-48:29
214                <action android:name="androidx.profileinstaller.action.SAVE_PROFILE" />
214-->[androidx.profileinstaller:profileinstaller:1.3.1] AndroidManifest.xml:47:17-88
214-->[androidx.profileinstaller:profileinstaller:1.3.1] AndroidManifest.xml:47:25-85
215            </intent-filter>
216            <intent-filter>
216-->[androidx.profileinstaller:profileinstaller:1.3.1] AndroidManifest.xml:49:13-51:29
217                <action android:name="androidx.profileinstaller.action.BENCHMARK_OPERATION" />
217-->[androidx.profileinstaller:profileinstaller:1.3.1] AndroidManifest.xml:50:17-95
217-->[androidx.profileinstaller:profileinstaller:1.3.1] AndroidManifest.xml:50:25-92
218            </intent-filter>
219        </receiver>
220    </application>
221
222</manifest>